<?xml version="1.0" encoding="UTF-8"?>
<!-- Generated by org.testng.reporters.JUnitReportReporter -->
<testsuite hostname="DESKTOP-BR2IMTQ" failures="0" tests="1" name="Appium_tests.eCommerce_tc_1" time="21.783" errors="0" timestamp="2024-04-13T16:20:09 SELÄŒ" skipped="0">
  <testcase classname="Appium_tests.eCommerce_tc_1" name="FillForm" time="21.783"/>
  <system-out/>
</testsuite> <!-- Appium_tests.eCommerce_tc_1 -->
