<?xml version="1.0" encoding="UTF-8"?>
<!-- Generated by org.testng.reporters.JUnitReportReporter -->
<testsuite hostname="DESKTOP-BR2IMTQ" failures="0" tests="1" name="DemoApp_tests.TC_03" time="5.908" errors="0" timestamp="2024-04-27T17:42:32 SELÄŒ" skipped="0">
  <testcase classname="DemoApp_tests.TC_03" name="LongPressGesture" time="5.908"/>
  <system-out/>
</testsuite> <!-- DemoApp_tests.TC_03 -->
