<?xml version="1.0" encoding="UTF-8"?>
<!-- Generated by org.testng.reporters.JUnitReportReporter -->
<testsuite hostname="DESKTOP-BR2IMTQ" failures="0" tests="1" name="DemoApp_tests.LongPress" time="5.926" errors="0" timestamp="2024-04-22T13:56:41 SELÄŒ" skipped="0">
  <testcase classname="DemoApp_tests.LongPress" name="LongPressGesture" time="5.926"/>
  <system-out/>
</testsuite> <!-- DemoApp_tests.LongPress -->
