<?xml version="1.0" encoding="UTF-8"?>
<!-- Generated by org.testng.reporters.JUnitReportReporter -->
<testsuite hostname="DESKTOP-BR2IMTQ" failures="0" tests="1" name="Browser_tests.MobileBrowserTest" time="15.105" errors="0" timestamp="2024-04-22T13:21:59 SELÄŒ" skipped="0">
  <testcase classname="Browser_tests.MobileBrowserTest" name="browserTest" time="15.105"/>
  <system-out/>
</testsuite> <!-- Browser_tests.MobileBrowserTest -->
