<?xml version="1.0" encoding="UTF-8"?>
<!-- Generated by org.testng.reporters.JUnitReportReporter -->
<testsuite hostname="DESKTOP-BR2IMTQ" failures="0" tests="1" name="Appium_tests.eCommerence_tc_3" time="15.979" errors="0" timestamp="2024-04-18T14:29:39 SELÄŒ" skipped="0">
  <testcase classname="Appium_tests.eCommerence_tc_3" name="FillForm" time="15.979"/>
  <system-out/>
</testsuite> <!-- Appium_tests.eCommerence_tc_3 -->
