<?xml version="1.0" encoding="UTF-8"?>
<!-- Generated by org.testng.reporters.JUnitReportReporter -->
<testsuite hostname="DESKTOP-BR2IMTQ" failures="0" tests="1" name="Appium_tests.eCommerce_tc_2" time="38.225" errors="0" timestamp="2024-04-13T17:35:40 SELÄŒ" skipped="0">
  <testcase classname="Appium_tests.eCommerce_tc_2" name="FillForm" time="38.225"/>
  <system-out/>
</testsuite> <!-- Appium_tests.eCommerce_tc_2 -->
