<?xml version="1.0" encoding="UTF-8"?>
<!-- Generated by org.testng.reporters.JUnitReportReporter -->
<testsuite hostname="DESKTOP-BR2IMTQ" failures="0" tests="1" name="DemoApp_tests.ScrollDemo" time="8.096" errors="0" timestamp="2024-04-21T15:07:08 SELÄŒ" skipped="0">
  <testcase classname="DemoApp_tests.ScrollDemo" name="LongPressGesture" time="8.096"/>
  <system-out/>
</testsuite> <!-- DemoApp_tests.ScrollDemo -->
