<?xml version="1.0" encoding="UTF-8"?>
<!-- Generated by org.testng.reporters.JUnitReportReporter -->
<testsuite hostname="DESKTOP-BR2IMTQ" failures="0" tests="1" name="Appium_tests.DragDropDemo" time="6.215" errors="0" timestamp="2024-04-12T18:12:29 SELÄŒ" skipped="0">
  <testcase classname="Appium_tests.DragDropDemo" name="DragDropTest" time="6.215"/>
  <system-out/>
</testsuite> <!-- Appium_tests.DragDropDemo -->
