<?xml version="1.0" encoding="UTF-8"?>
<!-- Generated by org.testng.reporters.JUnitReportReporter -->
<testsuite hostname="DESKTOP-BR2IMTQ" failures="0" tests="1" name="DemoApp_tests.AppiumBasics" time="5.099" errors="0" timestamp="2024-04-23T16:11:26 SELÄŒ" skipped="0">
  <testcase classname="DemoApp_tests.AppiumBasics" name="WifiSettingName" time="5.099"/>
  <system-out/>
</testsuite> <!-- DemoApp_tests.AppiumBasics -->
