<?xml version="1.0" encoding="UTF-8"?>
<!-- Generated by org.testng.reporters.JUnitReportReporter -->
<testsuite hostname="DESKTOP-BR2IMTQ" failures="0" tests="1" name="Store_tests.eCommerce_tc_1" time="21.760" errors="0" timestamp="2024-04-23T15:26:02 SELÄŒ" skipped="0">
  <testcase classname="Store_tests.eCommerce_tc_1" name="FillForm" time="21.760"/>
  <system-out/>
</testsuite> <!-- Store_tests.eCommerce_tc_1 -->
