<?xml version="1.0" encoding="UTF-8"?>
<!-- Generated by org.testng.reporters.JUnitReportReporter -->
<testsuite hostname="DESKTOP-BR2IMTQ" failures="0" tests="1" name="Appium_tests.AppiumBasics" time="4.911" errors="0" timestamp="2024-04-19T18:22:39 SELÄŒ" skipped="0">
  <testcase classname="Appium_tests.AppiumBasics" name="WifiSettingName" time="4.911"/>
  <system-out/>
</testsuite> <!-- Appium_tests.AppiumBasics -->
