<?xml version="1.0" encoding="UTF-8"?>
<!-- Generated by org.testng.reporters.JUnitReportReporter -->
<testsuite hostname="DESKTOP-BR2IMTQ" failures="0" tests="1" name="Appium_tests.SwipeDemo" time="4.326" errors="0" timestamp="2024-04-19T18:22:55 SELÄŒ" skipped="0">
  <testcase classname="Appium_tests.SwipeDemo" name="SwipeDemoTest" time="4.326"/>
  <system-out/>
</testsuite> <!-- Appium_tests.SwipeDemo -->
