<?xml version="1.0" encoding="UTF-8"?>
<!-- Generated by org.testng.reporters.JUnitReportReporter -->
<testsuite hostname="DESKTOP-BR2IMTQ" failures="0" tests="1" name="DemoApp_tests.TC_06" time="7.374" errors="0" timestamp="2024-04-27T17:42:32 SELÄŒ" skipped="0">
  <testcase classname="DemoApp_tests.TC_06" name="Miscellanous" time="7.374"/>
  <system-out/>
</testsuite> <!-- DemoApp_tests.TC_06 -->
