<?xml version="1.0" encoding="UTF-8"?>
<!-- Generated by org.testng.reporters.JUnitReportReporter -->
<testsuite hostname="DESKTOP-BR2IMTQ" failures="0" tests="1" name="Appium_tests.ScrollDemo" time="8.163" errors="0" timestamp="2024-04-12T15:30:46 SELÄŒ" skipped="0">
  <testcase classname="Appium_tests.ScrollDemo" name="LongPressGesture" time="8.163"/>
  <system-out/>
</testsuite> <!-- Appium_tests.ScrollDemo -->
