<?xml version="1.0" encoding="UTF-8"?>
<!-- Generated by org.testng.reporters.JUnitReportReporter -->
<testsuite hostname="DESKTOP-BR2IMTQ" failures="0" tests="1" name="Store_tests.eCommerence_tc_4_Hybrid" time="45.611" errors="0" timestamp="2024-04-25T21:32:25 SELÄŒ" skipped="0">
  <testcase classname="Store_tests.eCommerence_tc_4_Hybrid" name="FillForm" time="45.611"/>
  <system-out/>
</testsuite> <!-- Store_tests.eCommerence_tc_4_Hybrid -->
