<?xml version="1.0" encoding="UTF-8"?>
<!-- Generated by org.testng.reporters.JUnitReportReporter -->
<testsuite hostname="DESKTOP-BR2IMTQ" failures="0" tests="1" name="Appium_tests.MobileBrowserTest" time="17.362" errors="0" timestamp="2024-04-21T01:27:56 SELÄŒ" skipped="0">
  <testcase classname="Appium_tests.MobileBrowserTest" name="browserTest" time="17.362"/>
  <system-out/>
</testsuite> <!-- Appium_tests.MobileBrowserTest -->
