<?xml version="1.0" encoding="UTF-8"?>
<!-- Generated by org.testng.reporters.JUnitReportReporter -->
<testsuite hostname="DESKTOP-BR2IMTQ" failures="0" tests="1" name="Appium_tests.eCommerence_tc_4_Hybrid" time="44.672" errors="0" timestamp="2024-04-21T01:27:12 SELÄŒ" skipped="0">
  <testcase classname="Appium_tests.eCommerence_tc_4_Hybrid" name="FillForm" time="44.672"/>
  <system-out/>
</testsuite> <!-- Appium_tests.eCommerence_tc_4_Hybrid -->
