<?xml version="1.0" encoding="UTF-8"?>
<!-- Generated by org.testng.reporters.JUnitReportReporter -->
<testsuite hostname="DESKTOP-BR2IMTQ" failures="0" tests="1" name="Store_tests.eCommerce_tc_2" time="16.501" errors="0" timestamp="2024-04-22T13:47:35 SELÄŒ" skipped="0">
  <testcase classname="Store_tests.eCommerce_tc_2" name="FillForm" time="16.501"/>
  <system-out/>
</testsuite> <!-- Store_tests.eCommerce_tc_2 -->
