<?xml version="1.0" encoding="UTF-8"?>
<!-- Generated by org.testng.reporters.JUnitReportReporter -->
<testsuite hostname="DESKTOP-BR2IMTQ" failures="0" tests="1" name="Appium_tests.LongPress" time="5.813" errors="0" timestamp="2024-04-12T15:09:27 SELÄŒ" skipped="0">
  <testcase classname="Appium_tests.LongPress" name="LongPressGesture" time="5.813"/>
  <system-out/>
</testsuite> <!-- Appium_tests.LongPress -->
