<?xml version="1.0" encoding="UTF-8"?>
<!-- Generated by org.testng.reporters.JUnitReportReporter -->
<testsuite hostname="DESKTOP-BR2IMTQ" failures="0" tests="1" name="Store_tests.eCommerence_tc_3" time="30.954" errors="0" timestamp="2024-04-21T15:07:08 SELÄŒ" skipped="0">
  <testcase classname="Store_tests.eCommerence_tc_3" name="FillForm" time="30.954"/>
  <system-out/>
</testsuite> <!-- Store_tests.eCommerence_tc_3 -->
