<?xml version="1.0" encoding="UTF-8"?>
<!-- Generated by org.testng.reporters.JUnitReportReporter -->
<testsuite hostname="DESKTOP-BR2IMTQ" failures="0" tests="1" name="Appium_tests.MisceallanousAppiumActtions" time="7.256" errors="0" timestamp="2024-04-13T15:15:59 SELÄŒ" skipped="0">
  <testcase classname="Appium_tests.MisceallanousAppiumActtions" name="Miscellanous" time="7.256"/>
  <system-out/>
</testsuite> <!-- Appium_tests.MisceallanousAppiumActtions -->
